生成启动时间为 2019/4/9 10:39:23。
     1>项目“D:\Code\C++\cg-hw2-rasterization\build\glfw\src\glfw.vcxproj”在节点 3 上(Build 个目标)。
     1>CustomBuild:
         Building Custom Rule D:/Code/C++/ext/glfw/src/CMakeLists.txt
         CMake does not need to re-run because D:/Code/C++/cg-hw2-rasterization/build/glfw/src/CMakeFiles/generate.stamp is up-to-date.
       ClCompile:
         C:\Program Files (x86)\Microsoft Visual Studio 12.0\VC\bin\CL.exe /c /I"D:\Code\C++\cg-hw2-rasterization\src" /I"D:\Code\C++\cg-hw2-rasterization\..\ext\eigen" /ID:\Code\C++\ext\glfw\include /ID:\Code\C++\ext\glfw\src /I"D:\Code\C++\cg-hw2-rasterization\build\glfw\src" /Zi /nologo /W3 /WX- /Od /Ob0 /Oy- /D WIN32 /D _WINDOWS /D _GLFW_USE_CONFIG_H /D _CRT_SECURE_NO_WARNINGS /D "CMAKE_INTDIR=\"Debug\"" /D _MBCS /Gm- /RTC1 /MDd /GS /fp:precise /Zc:wchar_t /Zc:forScope /Fo"glfw.dir\Debug\\" /Fd"glfw.dir\Debug\vc120.pdb" /Gd /TC /analyze- /errorReport:prompt D:\Code\C++\ext\glfw\src\context.c D:\Code\C++\ext\glfw\src\init.c D:\Code\C++\ext\glfw\src\input.c D:\Code\C++\ext\glfw\src\monitor.c D:\Code\C++\ext\glfw\src\vulkan.c D:\Code\C++\ext\glfw\src\window.c D:\Code\C++\ext\glfw\src\win32_init.c D:\Code\C++\ext\glfw\src\win32_joystick.c D:\Code\C++\ext\glfw\src\win32_monitor.c D:\Code\C++\ext\glfw\src\win32_time.c D:\Code\C++\ext\glfw\src\win32_tls.c D:\Code\C++\ext\glfw\src\win32_window.c D:\Code\C++\ext\glfw\src\wgl_context.c D:\Code\C++\ext\glfw\src\egl_context.c
         context.c
         init.c
         input.c
         monitor.c
         vulkan.c
         window.c
         win32_init.c
         win32_joystick.c
         win32_monitor.c
         win32_time.c
         win32_tls.c
         win32_window.c
         wgl_context.c
         egl_context.c
         正在生成代码...
       Lib:
         C:\Program Files (x86)\Microsoft Visual Studio 12.0\VC\bin\Lib.exe /OUT:"D:\Code\C++\cg-hw2-rasterization\build\Debug\glfw3.lib" /NOLOGO  /machine:X86 glfw.dir\Debug\context.obj
         glfw.dir\Debug\init.obj
         glfw.dir\Debug\input.obj
         glfw.dir\Debug\monitor.obj
         glfw.dir\Debug\vulkan.obj
         glfw.dir\Debug\window.obj
         glfw.dir\Debug\win32_init.obj
         glfw.dir\Debug\win32_joystick.obj
         glfw.dir\Debug\win32_monitor.obj
         glfw.dir\Debug\win32_time.obj
         glfw.dir\Debug\win32_tls.obj
         glfw.dir\Debug\win32_window.obj
         glfw.dir\Debug\wgl_context.obj
         glfw.dir\Debug\egl_context.obj
         glfw.vcxproj -> D:\Code\C++\cg-hw2-rasterization\build\Debug\glfw3.lib
     1>已完成生成项目“D:\Code\C++\cg-hw2-rasterization\build\glfw\src\glfw.vcxproj”(Build 个目标)的操作。

生成成功。

已用时间 00:00:09.82
